<?xml version="1.0" encoding="UTF-8"?>
<testng-results ignored="0" total="1" passed="1" failed="0" skipped="0">
  <reporter-output>
  </reporter-output>
  <suite started-at="2021-10-11T14:51:58 IST" name="Default suite" finished-at="2021-10-11T14:52:49 IST" duration-ms="51009">
    <groups>
    </groups>
    <test started-at="2021-10-11T14:51:58 IST" name="Default test" finished-at="2021-10-11T14:52:49 IST" duration-ms="51009">
      <class name="com.ddf.test.LoginTest.loginTest_v6">
        <test-method signature="testOne(java.util.Hashtable)[pri:0, instance:com.ddf.test.LoginTest.loginTest_v6@730d2164]" started-at="2021-10-11T14:51:59 IST" name="testOne" data-provider="getTestOneData" finished-at="2021-10-11T14:52:49 IST" duration-ms="49153" status="PASS">
          <params>
            <param index="0">
              <value>
                <![CDATA[{Password=Yogesh2324@, UserName=yogeshkhot2324@gmail.com}]]>
              </value>
            </param>
          </params>
          <reporter-output>
          </reporter-output>
        </test-method> <!-- testOne -->
        <test-method is-config="true" signature="endReport()[pri:0, instance:com.ddf.test.LoginTest.loginTest_v6@730d2164]" started-at="2021-10-11T14:52:49 IST" name="endReport" finished-at="2021-10-11T14:52:49 IST" duration-ms="758" status="PASS">
          <reporter-output>
          </reporter-output>
        </test-method> <!-- endReport -->
      </class> <!-- com.ddf.test.LoginTest.loginTest_v6 -->
    </test> <!-- Default test -->
  </suite> <!-- Default suite -->
</testng-results>
